<?xml version="1.0" encoding="UTF-8"?>
<testng-results skipped="0" failed="0" ignored="0" total="1" passed="1">
  <reporter-output>
  </reporter-output>
  <suite name="Default suite" duration-ms="10357" started-at="2018-08-03T16:08:30Z" finished-at="2018-08-03T16:08:41Z">
    <groups>
    </groups>
    <test name="Default test" duration-ms="10357" started-at="2018-08-03T16:08:30Z" finished-at="2018-08-03T16:08:41Z">
      <class name="Test.TC1">
        <test-method status="PASS" signature="BeforeTest()[pri:0, instance:Test.TC1@d2cc05a]" name="BeforeTest" is-config="true" duration-ms="6286" started-at="2018-08-03T11:08:30Z" finished-at="2018-08-03T11:08:37Z">
          <reporter-output>
          </reporter-output>
        </test-method> <!-- BeforeTest -->
        <test-method status="PASS" signature="Test()[pri:0, instance:Test.TC1@d2cc05a]" name="Test" duration-ms="3225" started-at="2018-08-03T11:08:37Z" finished-at="2018-08-03T11:08:40Z">
          <reporter-output>
          </reporter-output>
        </test-method> <!-- Test -->
        <test-method status="PASS" signature="AfterTest()[pri:0, instance:Test.TC1@d2cc05a]" name="AfterTest" is-config="true" duration-ms="822" started-at="2018-08-03T11:08:40Z" finished-at="2018-08-03T11:08:41Z">
          <reporter-output>
          </reporter-output>
        </test-method> <!-- AfterTest -->
      </class> <!-- Test.TC1 -->
    </test> <!-- Default test -->
  </suite> <!-- Default suite -->
</testng-results>
